** WARNING ** io features related to pcap will be disabled
** WARNING ** io features related to png will be disabled
** WARNING ** io features related to libusb-1.0 will be disabled
In file included from [01m[K/home/plantium/temp_ws/src/my_package/build/my_package/rosidl_generator_c/my_package/msg/detail/radar_scan__functions.h:19[m[K,
                 from [01m[K/home/plantium/temp_ws/src/my_package/build/my_package/rosidl_generator_c/my_package/msg/detail/radar_scan__functions.c:4[m[K:
[01m[K/home/plantium/temp_ws/src/my_package/build/my_package/rosidl_generator_c/my_package/msg/detail/radar_scan__struct.h:22:10:[m[K [01;31m[Kfatal error: [m[Kmy_package/msg/detail/header__struct.h: No such file or directory
   22 | #include [01;31m[K"my_package/msg/detail/header__struct.h"[m[K
      |          [01;31m[K^~~~~~~~~~~~~~~~~~~~~~~~~~~~~~~~~~~~~~~~[m[K
compilation terminated.
make[2]: *** [CMakeFiles/newmsg__rosidl_generator_c.dir/build.make:181: CMakeFiles/newmsg__rosidl_generator_c.dir/rosidl_generator_c/my_package/msg/detail/radar_scan__functions.c.o] Error 1
make[1]: *** [CMakeFiles/Makefile2:240: CMakeFiles/newmsg__rosidl_generator_c.dir/all] Error 2
make[1]: *** Waiting for unfinished jobs....
In file included from [01m[K/home/plantium/temp_ws/src/my_package/build/my_package/rosidl_typesupport_cpp/my_package/msg/radar_scan__type_support.cpp:7[m[K:
[01m[K/home/plantium/temp_ws/src/my_package/build/my_package/rosidl_generator_cpp/my_package/msg/detail/radar_scan__struct.hpp:19:10:[m[K [01;31m[Kfatal error: [m[Kmy_package/msg/detail/header__struct.hpp: No such file or directory
   19 | #include [01;31m[K"my_package/msg/detail/header__struct.hpp"[m[K
      |          [01;31m[K^~~~~~~~~~~~~~~~~~~~~~~~~~~~~~~~~~~~~~~~~~[m[K
compilation terminated.
make[2]: *** [CMakeFiles/newmsg__rosidl_typesupport_cpp.dir/build.make:162: CMakeFiles/newmsg__rosidl_typesupport_cpp.dir/rosidl_typesupport_cpp/my_package/msg/radar_scan__type_support.cpp.o] Error 1
make[1]: *** [CMakeFiles/Makefile2:526: CMakeFiles/newmsg__rosidl_typesupport_cpp.dir/all] Error 2
In file included from [01m[K/home/plantium/temp_ws/src/my_package/build/my_package/rosidl_typesupport_introspection_cpp/my_package/msg/detail/radar_scan__type_support.cpp:12[m[K:
[01m[K/home/plantium/temp_ws/src/my_package/build/my_package/rosidl_generator_cpp/my_package/msg/detail/radar_scan__struct.hpp:19:10:[m[K [01;31m[Kfatal error: [m[Kmy_package/msg/detail/header__struct.hpp: No such file or directory
   19 | #include [01;31m[K"my_package/msg/detail/header__struct.hpp"[m[K
      |          [01;31m[K^~~~~~~~~~~~~~~~~~~~~~~~~~~~~~~~~~~~~~~~~~[m[K
compilation terminated.
make[2]: *** [CMakeFiles/newmsg__rosidl_typesupport_introspection_cpp.dir/build.make:167: CMakeFiles/newmsg__rosidl_typesupport_introspection_cpp.dir/rosidl_typesupport_introspection_cpp/my_package/msg/detail/radar_scan__type_support.cpp.o] Error 1
make[1]: *** [CMakeFiles/Makefile2:415: CMakeFiles/newmsg__rosidl_typesupport_introspection_cpp.dir/all] Error 2
In file included from [01m[K/home/plantium/temp_ws/src/my_package/build/my_package/rosidl_typesupport_fastrtps_cpp/my_package/msg/detail/radar_scan__rosidl_typesupport_fastrtps_cpp.hpp:11[m[K,
                 from [01m[K/home/plantium/temp_ws/src/my_package/build/my_package/rosidl_typesupport_fastrtps_cpp/my_package/msg/detail/dds_fastrtps/radar_scan__type_support.cpp:4[m[K:
[01m[K/home/plantium/temp_ws/src/my_package/build/my_package/rosidl_generator_cpp/my_package/msg/detail/radar_scan__struct.hpp:19:10:[m[K [01;31m[Kfatal error: [m[Kmy_package/msg/detail/header__struct.hpp: No such file or directory
   19 | #include [01;31m[K"my_package/msg/detail/header__struct.hpp"[m[K
      |          [01;31m[K^~~~~~~~~~~~~~~~~~~~~~~~~~~~~~~~~~~~~~~~~~[m[K
compilation terminated.
make[2]: *** [CMakeFiles/newmsg__rosidl_typesupport_fastrtps_cpp.dir/build.make:167: CMakeFiles/newmsg__rosidl_typesupport_fastrtps_cpp.dir/rosidl_typesupport_fastrtps_cpp/my_package/msg/detail/dds_fastrtps/radar_scan__type_support.cpp.o] Error 1
make[1]: *** [CMakeFiles/Makefile2:361: CMakeFiles/newmsg__rosidl_typesupport_fastrtps_cpp.dir/all] Error 2
make: *** [Makefile:141: all] Error 2
